<?xml version="1.0" encoding="UTF-8"?>
<testsuite xmlns:xsi="http://www.w3.org/2001/XMLSchema-instance" xsi:noNamespaceSchemaLocation="https://maven.apache.org/surefire/maven-surefire-plugin/xsd/surefire-test-report.xsd" name="com.TestCalc" time="3.174" tests="10" errors="0" skipped="0" failures="0">
  <properties>
[...]
</properties>
  <testcase name="testgetParam" classname="com.TestCalc" time="0.264"/>
  <testcase name="testMultiply_negative" classname="com.TestCalc" time="0.002"/>
  <testcase name="testCounter2" classname="com.TestCalc" time="0.003"/>
  <testcase name="testCounter" classname="com.TestCalc" time="0.003"/>
  <testcase name="testMultiply_signs" classname="com.TestCalc" time="0.002"/>
  <testcase name="testDivide" classname="com.TestCalc" time="0.002"/>
  <testcase name="testHello1" classname="com.TestCalc" time="0.002"/>
  <testcase name="testHello2" classname="com.TestCalc" time="0.002"/>
  <testcase name="testDivideZero" classname="com.TestCalc" time="0.003"/>
  <testcase name="testMultiply_zero" classname="com.TestCalc" time="0.002"/>
</testsuite>